<?xml version="1.0" encoding="UTF-8"?>
<testng-results ignored="0" total="4" passed="4" failed="0" skipped="0">
  <reporter-output>
  </reporter-output>
  <suite started-at="2024-03-05T11:41:12 PST" name="Suite" finished-at="2024-03-05T11:41:30 PST" duration-ms="18092">
    <groups>
      <group name="cucumber">
        <method signature="AbstractTestNGCucumberTests.runScenario(io.cucumber.testng.PickleWrapper,io.cucumber.testng.FeatureWrapper)[pri:0, instance:TestRunner.sauceRunner@77847718]" name="runScenario" class="io.cucumber.testng.AbstractTestNGCucumberTests"/>
      </group> <!-- cucumber -->
    </groups>
    <test started-at="2024-03-05T11:41:12 PST" name="Test" finished-at="2024-03-05T11:41:30 PST" duration-ms="18092">
      <class name="TestRunner.sauceRunner">
        <test-method is-config="true" signature="setUpClass(org.testng.ITestContext)[pri:0, instance:TestRunner.sauceRunner@77847718]" started-at="2024-03-05T11:41:12 PST" name="setUpClass" finished-at="2024-03-05T11:41:13 PST" duration-ms="725" status="PASS">
          <params>
            <param index="0">
              <value>
                <![CDATA[org.testng.TestRunner@66213a0d]]>
              </value>
            </param>
          </params>
          <reporter-output>
          </reporter-output>
        </test-method> <!-- setUpClass -->
        <test-method signature="runScenario(io.cucumber.testng.PickleWrapper,io.cucumber.testng.FeatureWrapper)[pri:0, instance:TestRunner.sauceRunner@77847718]" started-at="2024-03-05T11:41:13 PST" name="runScenario" description="Runs Cucumber Scenarios" data-provider="scenarios" finished-at="2024-03-05T11:41:16 PST" duration-ms="3605" status="PASS">
          <params>
            <param index="0">
              <value>
                <![CDATA["Check login is successful with valid creditional"]]>
              </value>
            </param>
            <param index="1">
              <value>
                <![CDATA["Login Page Automation of Saucedemo App"]]>
              </value>
            </param>
          </params>
          <reporter-output>
          </reporter-output>
        </test-method> <!-- runScenario -->
        <test-method signature="runScenario(io.cucumber.testng.PickleWrapper,io.cucumber.testng.FeatureWrapper)[pri:0, instance:TestRunner.sauceRunner@77847718]" started-at="2024-03-05T11:41:16 PST" name="runScenario" description="Runs Cucumber Scenarios" data-provider="scenarios" finished-at="2024-03-05T11:41:19 PST" duration-ms="2869" status="PASS">
          <params>
            <param index="0">
              <value>
                <![CDATA["Check login is successful with valid creditional"]]>
              </value>
            </param>
            <param index="1">
              <value>
                <![CDATA["Login Page Automation of Saucedemo App"]]>
              </value>
            </param>
          </params>
          <reporter-output>
          </reporter-output>
        </test-method> <!-- runScenario -->
        <test-method signature="runScenario(io.cucumber.testng.PickleWrapper,io.cucumber.testng.FeatureWrapper)[pri:0, instance:TestRunner.sauceRunner@77847718]" started-at="2024-03-05T11:41:19 PST" name="runScenario" description="Runs Cucumber Scenarios" data-provider="scenarios" finished-at="2024-03-05T11:41:27 PST" duration-ms="7766" status="PASS">
          <params>
            <param index="0">
              <value>
                <![CDATA["Check login is successful with valid creditional"]]>
              </value>
            </param>
            <param index="1">
              <value>
                <![CDATA["Login Page Automation of Saucedemo App"]]>
              </value>
            </param>
          </params>
          <reporter-output>
          </reporter-output>
        </test-method> <!-- runScenario -->
        <test-method signature="runScenario(io.cucumber.testng.PickleWrapper,io.cucumber.testng.FeatureWrapper)[pri:0, instance:TestRunner.sauceRunner@77847718]" started-at="2024-03-05T11:41:27 PST" name="runScenario" description="Runs Cucumber Scenarios" data-provider="scenarios" finished-at="2024-03-05T11:41:30 PST" duration-ms="2855" status="PASS">
          <params>
            <param index="0">
              <value>
                <![CDATA["Check login is successful with valid creditional"]]>
              </value>
            </param>
            <param index="1">
              <value>
                <![CDATA["Login Page Automation of Saucedemo App"]]>
              </value>
            </param>
          </params>
          <reporter-output>
          </reporter-output>
        </test-method> <!-- runScenario -->
        <test-method is-config="true" signature="tearDownClass()[pri:0, instance:TestRunner.sauceRunner@77847718]" started-at="2024-03-05T11:41:30 PST" name="tearDownClass" finished-at="2024-03-05T11:41:30 PST" duration-ms="212" status="PASS">
          <reporter-output>
          </reporter-output>
        </test-method> <!-- tearDownClass -->
      </class> <!-- TestRunner.sauceRunner -->
    </test> <!-- Test -->
  </suite> <!-- Suite -->
</testng-results>
